<?xml version="1.0" encoding="UTF-8"?>
<!-- Generated by org.testng.reporters.JUnitReportReporter -->
<testsuite hostname="DESKTOP-30EK6F0" failures="0" tests="1" name="com.zohocrm.testscript.CampaignsModule" time="4.708" errors="0" timestamp="2022-10-17T19:56:00 IST" skipped="0">
  <testcase classname="com.zohocrm.testscript.CampaignsModule" name="createCampaign" time="4.708"/>
  <system-out/>
</testsuite> <!-- com.zohocrm.testscript.CampaignsModule -->
